SF:lib/src/data/translation_data.dart
DA:29,1
DA:34,1
DA:35,1
DA:37,4
DA:41,1
DA:42,3
DA:46,1
DA:47,1
DA:51,0
DA:52,0
LF:10
LH:8
end_of_record
SF:lib/src/models/error_service.dart
DA:22,1
DA:24,1
DA:26,1
DA:28,1
DA:30,1
DA:32,1
DA:38,1
DA:39,1
DA:40,1
DA:42,1
DA:44,1
DA:46,1
DA:48,1
DA:51,2
LF:14
LH:14
end_of_record
SF:lib/src/models/supported_language.dart
DA:34,1
DA:36,1
DA:38,1
DA:40,1
DA:42,1
DA:44,1
DA:46,1
DA:48,1
DA:50,1
DA:52,1
DA:58,1
DA:60,1
DA:62,1
DA:64,1
DA:66,1
DA:68,0
DA:70,0
DA:72,0
DA:74,0
DA:76,0
DA:82,1
DA:83,1
DA:84,1
DA:86,1
DA:88,1
DA:90,1
DA:92,1
DA:94,1
DA:96,1
DA:98,1
DA:100,1
DA:108,1
DA:109,4
LF:33
LH:28
end_of_record
SF:lib/src/exceptions/translator_exception.dart
DA:4,2
DA:12,1
DA:14,1
DA:15,3
DA:17,2
LF:5
LH:5
end_of_record
SF:lib/src/models/translation_result.dart
DA:9,2
DA:17,1
DA:22,1
DA:42,0
DA:44,0
DA:45,0
DA:48,1
DA:51,0
DA:52,0
DA:53,0
DA:54,0
DA:55,0
DA:58,1
DA:60,11
LF:14
LH:6
end_of_record
SF:lib/src/supabase_error_translator.dart
DA:18,1
DA:35,1
DA:42,0
DA:43,1
DA:45,1
DA:46,1
DA:48,0
DA:49,0
DA:59,1
DA:62,5
DA:63,4
DA:64,1
DA:69,0
DA:70,0
DA:71,0
DA:73,0
DA:75,0
DA:85,1
DA:87,1
DA:89,1
DA:101,1
DA:102,1
DA:130,1
DA:136,3
DA:140,1
DA:141,1
DA:142,1
DA:144,1
DA:145,0
DA:147,1
DA:151,1
DA:158,1
DA:166,1
DA:167,1
DA:174,0
DA:183,1
DA:184,1
DA:185,1
DA:193,0
DA:194,0
DA:214,1
DA:219,1
DA:220,1
DA:233,1
DA:236,1
DA:241,1
DA:252,1
DA:253,1
DA:266,1
DA:267,1
DA:268,2
DA:270,1
DA:271,2
LF:53
LH:41
end_of_record
